=======START LOGGING=======
00:04:43.298 00002f64  <log> [factory]  RegisterModule cls=WaveShaperImage
00:04:43.300 00002f64  <log> [factory]  RegisterModule cls=WaveShaper
00:04:43.300 00002f64  <log> [factory]  RegisterModule cls=WaveShaper
00:04:43.300 00002f64  <log> [factory]  RegisterModule cls=MemBuffer
00:04:43.300 00002f64  <log> [factory]  RegisterModule cls=FTDI_Cheetah_PortManager
00:04:43.300 00002f64  <dbg> [factory]  CreateModule cid=FTDI_Cheetah_PortManager iid=IPortManager
00:04:43.300 00002f64  <log> [factory]  RegisterModule cls=WSSimPort
00:04:43.300 00002f64  <log> [factory]  RegisterModule cls=ComPort
00:04:43.300 00002f64  <log> [factory]  RegisterModule cls=FTDIComPort
00:04:43.300 00002f64  <log> [factory]  RegisterModule cls=FTDISPIPort
00:04:43.300 00002f64  <log> [factory]  RegisterModule cls=CheetahSPIPort
00:04:43.300 00002f64  <log> [_wsapi_]  Initialize WaveShaperAPI, version=2.7.3
00:04:43.300 00002f64  <log> [_wsapi_]  +ws_create_waveshaper ws=ws1
00:04:43.300 00002f64  <dbg> [factory]  CreateModule cid=WaveShaper iid=IWaveShaper
00:04:43.300 00002f64  <dbg> [factory]  CreateModule cid=WaveShaperImage iid=IWaveShaperImage
00:04:43.300 00002f64  <dbg> [factory]  CreateModule cid=MemBuffer iid=IMemBuffer
00:04:43.300 00002f64  <dbg> [factory]  CreateModule cid=MemBuffer iid=IMemBuffer
00:04:43.300 00002f64  <dbg> [factory]  CreateModule cid=MemBuffer iid=IMemBuffer
00:04:43.300 00002f64  <dbg> [factory]  CreateModule cid=MemBuffer iid=IMemBuffer
<LOG>GPHDACHPJLFOIINLGAAMMIABKMKDKFILHGHJBNNFCCODIBBONPBEACMIEPPLKFDCFMBGGOOMBOLLBNMPCFEMJMGBPCIJILNLLOAHEAFPELDLPOHNCOLMBCCAGFIHDOBF</LOG>
<LOG>GPHDACHPJLFOIINLPBMKCECMMINCPAJEHGHJBNNFCCODIBBONPBEACMIEPPLKFDCFMBGGOOMBOLLBNMPCOCHOFBHBNCFGKPJKFFPFNEEDCDKMKIJHCBNHFJAPBHFOPLJFBOMDFNNNEHHDGOGMAEPKPFJCLGGOMDP</LOG>
<LOG>GPHDACHPJLFOIINLPBMKCECMMINCPAJEHGHJBNNFCCODIBBONPBEACMIEPPLKFDCFMBGGOOMBOLLBNMPDKJBCIBBDFFIFJKPAABBCFOHGONGLBOA</LOG>
<LOG>GPHDACHPJLFOIINLPBMKCECMMINCPAJEHGHJBNNFCCODIBBONPBEACMIEPPLKFDCFMBGGOOMBOLLBNMPDKJBCIBBDFFIFJKPDLNDBLECAKONICKA</LOG>
<LOG>GPHDACHPJLFOIINLPBMKCECMMINCPAJEHGHJBNNFCCODIBBONPBEACMIEPPLKFDCFMBGGOOMBOLLBNMPDKJBCIBBDFFIFJKPHONKGIGPAIFNEBMH</LOG>
<LOG>GPHDACHPJLFOIINLPBMKCECMMINCPAJEHGHJBNNFCCODIBBONPBEACMIEPPLKFDCFMBGGOOMBOLLBNMPDKJBCIBBDFFIFJKPGLLLOELCCFHKEKLI</LOG>
<LOG>GPHDACHPJLFOIINLPBMKCECMMINCPAJEHGHJBNNFCCODIBBONPBEACMIEPPLKFDCFMBGGOOMBOLLBNMPDKJBCIBBDFFIFJKPIGDGJNJHNCLCGKNJ</LOG>
<LOG>GPHDACHPJLFOIINLPBMKCECMMINCPAJEHGHJBNNFCCODIBBONPBEACMIEPPLKFDCFMBGGOOMBOLLBNMPDKJBCIBBDFFIFJKPLFBCNMEMCBBEOCGA</LOG>
<LOG>GPHDACHPJLFOIINLPBMKCECMMINCPAJEHGHJBNNFCCODIBBONPBEACMIEPPLKFDCFMBGGOOMBOLLBNMPDKJBCIBBDFFIFJKPPDLHMLOLNLOPIMDK</LOG>
<LOG>GPHDACHPJLFOIINLPBMKCECMMINCPAJEHGHJBNNFCCODIBBONPBEACMIEPPLKFDCFMBGGOOMBOLLBNMPDKJBCIBBDFFIFJKPAIPIJDDDPDAGHAKG</LOG>
<LOG>GPHDACHPJLFOIINLPBMKCECMMINCPAJEHGHJBNNFCCODIBBONPBEACMIEPPLKFDCFMBGGOOMBOLLBNMPDKJBCIBBDFFIFJKPCIDKMDFJDEEACMCK</LOG>
<LOG>GPHDACHPJLFOIINLPBMKCECMMINCPAJEHGHJBNNFCCODIBBONPBEACMIEPPLKFDCFMBGGOOMBOLLBNMPDKJBCIBBDFFIFJKPJMKBHALBFKHIDIPLCACDHMCAKBMBBIDJ</LOG>
<LOG>GPHDACHPJLFOIINLPBMKCECMMINCPAJEHGHJBNNFCCODIBBONPBEACMIEPPLKFDCFMBGGOOMBOLLBNMPDKJBCIBBDFFIFJKPGCIJFKGBEJCAGBIC</LOG>
<LOG>GPHDACHPJLFOIINLPBMKCECMMINCPAJEHGHJBNNFCCODIBBONPBEACMIEPPLKFDCFMBGGOOMBOLLBNMPDKJBCIBBDFFIFJKPOOMHMMMEJCOBCPOD</LOG>
<LOG>GPHDACHPJLFOIINLGNANPKKEGPNKOEGKHGHJBNNFCCODIBBONPBEACMIEPPLKFDCFMBGGOOMBOLLBNMPBINDNGBCPBPGGHGBJBIMEGKHKMDBNDAIAHKFEENGLIAJGFGI</LOG>
<LOG>GPHDACHPJLFOIINLGNANPKKEGPNKOEGKHGHJBNNFCCODIBBONPBEACMIEPPLKFDCFMBGGOOMBOLLBNMPPFKMJPCCEDMANDBFHBJECHDIEDIEIBKLBLPFFPPPLJIDFLLBEBOBJIKKHKHLOMID</LOG>
<LOG>GPHDACHPJLFOIINLGNANPKKEGPNKOEGKHGHJBNNFCCODIBBONPBEACMIEPPLKFDCFMBGGOOMBOLLBNMPMEIELENCDJDIAMLFALNKPNANOFLONBJDIAPMNMKLPCNOFGGLOBEBKFOFMIIJOJAL</LOG>
<LOG>GPHDACHPJLFOIINLGNANPKKEGPNKOEGKHGHJBNNFCCODIBBONPBEACMIEPPLKFDCFMBGGOOMBOLLBNMPDJOBPKKLOFGPMFMKIGHCIHKHEAGCHBGMPOGGPCDFMNBIHKKF</LOG>
<LOG>GPHDACHPJLFOIINLGNANPKKEGPNKOEGKHGHJBNNFCCODIBBONPBEACMIEPPLKFDCFMBGGOOMBOLLBNMPIFIBEFAFJGIHAKLAKEMLPMJDDBBFKBEBAGFFNACBLPILHPKO</LOG>
<LOG>GPHDACHPJLFOIINLGNANPKKEGPNKOEGKHGHJBNNFCCODIBBONPBEACMIEPPLKFDCFMBGGOOMBOLLBNMPDPLGPLHAOJJLPCPJJGEJJECEPDBNLNHCEHDDCIMALMAMAMJE</LOG>
<LOG>GPHDACHPJLFOIINLGNANPKKEGPNKOEGKHGHJBNNFCCODIBBONPBEACMIEPPLKFDCFMBGGOOMBOLLBNMPHHODADKCHAJFCPJLCIIBACOECNCAJMPHPDJFNFKPNFJIGFDB</LOG>
<LOG>GPHDACHPJLFOIINLGNANPKKEGPNKOEGKHGHJBNNFCCODIBBONPBEACMIEPPLKFDCFMBGGOOMBOLLBNMPOGFFIEFFOPBNLFBBBLONLIJCDLMKIKIB</LOG>
<LOG>GPHDACHPJLFOIINLGNANPKKEGPNKOEGKHGHJBNNFCCODIBBONPBEACMIEPPLKFDCFMBGGOOMBOLLBNMPKMGKPJMMLLPBFFHPMOOMNLMNPMKBPFLD</LOG>
<LOG>GPHDACHPJLFOIINLGNANPKKEGPNKOEGKHGHJBNNFCCODIBBONPBEACMIEPPLKFDCFMBGGOOMBOLLBNMPDBIBEPIJGDNJLHPNKAILNBOICKECHLLHMMKHDHMMNNLGCNJKDAPCACICJAKIMGKOIKEDOBEALJLJMDFLJMKALENKIMEFBJHCIEELOMHGBFOFJCLL</LOG>
<LOG>GPHDACHPJLFOIINLGNANPKKEGPNKOEGKHGHJBNNFCCODIBBONPBEACMIEPPLKFDCFMBGGOOMBOLLBNMPBIBIGNGPADPJABHOHGJPPEIBBIHDNFCIKHOOPDNBLKBLOHGK</LOG>
<LOG>GPHDACHPJLFOIINLGNANPKKEGPNKOEGKHGHJBNNFCCODIBBONPBEACMIEPPLKFDCFMBGGOOMBOLLBNMPDPGPFNBLGNKMBJEJMOFAKJNNIMAAJBMPFACJOFGHNJJPAGEM</LOG>
<LOG>GPHDACHPJLFOIINLGNANPKKEGPNKOEGKHGHJBNNFCCODIBBONPBEACMIEPPLKFDCFMBGGOOMBOLLBNMPIFKIFKHLJHFGHOOBFDLJIHLIEDLPLBADCJFGCOGOKBELJMFK</LOG>
<LOG>GPHDACHPJLFOIINLGNANPKKEGPNKOEGKHGHJBNNFCCODIBBONPBEACMIEPPLKFDCFMBGGOOMBOLLBNMPHLOKMCEKFDMACEPCMMLDLDHJLMJKPJJEPLLJODMBOOINFOIA</LOG>
<LOG>GPHDACHPJLFOIINLGNANPKKEGPNKOEGKHGHJBNNFCCODIBBONPBEACMIEPPLKFDCFMBGGOOMBOLLBNMPCMKJMGMAGMIGPGLIAOMEJFMLNCFBGANAGCFEPHFHCMGJJOEBOJBLHJNJPMHKCKGGLCMHIIDCNAKACGJCAGKMDEMNDGIDDADGGDEGLHKBLIPLBBPJ</LOG>
<LOG>GPHDACHPJLFOIINLGNANPKKEGPNKOEGKHGHJBNNFCCODIBBONPBEACMIEPPLKFDCFMBGGOOMBOLLBNMPMCBCAONPDLCPJJMHGILGEEKICPACGCBMCCFINEMBPIAKLJJLFAOBENIMHOOKLLNNNILAINOOBBLNDNJBCHELMJOGOGMDMHNJ</LOG>
<LOG>GPHDACHPJLFOIINLGNANPKKEGPNKOEGKHGHJBNNFCCODIBBONPBEACMIEPPLKFDCFMBGGOOMBOLLBNMPCNCJNKCMIEJIPPNDJPNMEMPAEDNOANOFLEKNBHPEKOBKGILH</LOG>
<LOG>GPHDACHPJLFOIINLGNANPKKEGPNKOEGKHGHJBNNFCCODIBBONPBEACMIEPPLKFDCFMBGGOOMBOLLBNMPFNFKJIKFOJJLDMLHNBKCDNIADKMPFBFADDLILBOGGLEGEMPM</LOG>
<LOG>GPHDACHPJLFOIINLGNANPKKEGPNKOEGKHGHJBNNFCCODIBBONPBEACMIEPPLKFDCFMBGGOOMBOLLBNMPNCEDBIHJDPLCOOIOBALAIDDHJDLJOKJC</LOG>
<LOG>GPHDACHPJLFOIINLGNANPKKEGPNKOEGKHGHJBNNFCCODIBBONPBEACMIEPPLKFDCFMBGGOOMBOLLBNMPAFPPHOBNEFGNBBHDGELLOPIFPPNBNOCOIELEEEMNLKMAIJKM</LOG>
<LOG>GPHDACHPJLFOIINLGNANPKKEGPNKOEGKHGHJBNNFCCODIBBONPBEACMIEPPLKFDCFMBGGOOMBOLLBNMPAKAAMMBJIBBMJMFKIHBCHFPACKGNIHLOFBPJADEFBABFAFLO</LOG>
<LOG>GPHDACHPJLFOIINLGNANPKKEGPNKOEGKHGHJBNNFCCODIBBONPBEACMIEPPLKFDCFMBGGOOMBOLLBNMPKDIPNDCMFKMGMELIIKOBBKFKHEJHEFOGDCHIFMLIAPOKFFBGDEMFEOFNHILEHFGDFNJAKLFLIJJFKPECAAEMPFFLPILLCCGMBNLHMJCAMGNFKNAGDMCDLOEMIDPICIJF</LOG>
<LOG>GPHDACHPJLFOIINLGNANPKKEGPNKOEGKHGHJBNNFCCODIBBONPBEACMIEPPLKFDCFMBGGOOMBOLLBNMPPFKMJPCCEDMANDBFHBJECHDIEDIEIBKLBDBEGDIFOFCDBCGBPOCMNIEMIJPOMKOCNNPBIJCHFNJNNJEN</LOG>
<LOG>GPHDACHPJLFOIINLPMGMBDJCIJGAFBHAHGHJBNNFCCODIBBONPBEACMIEPPLKFDCFMBGGOOMBOLLBNMPPFKMJPCCEDMANDBFHBJECHDIEDIEIBKLNKPHBIEKIAMJKOAPKKFAIKGHGJPDFNLLJNOIGHGJPIPIBPKJHHGAEOLICDBGOMAL</LOG>
<LOG>GPHDACHPJLFOIINLDEACFDNDKFHDDIIMHGHJBNNFCCODIBBONPBEACMIEPPLKFDCFMBGGOOMBOLLBNMPMCBCAONPDLCPJJMHGILGEEKICPACGCBMJGMNIBPIGNJLIHFDPEGAOMOEEBJNDMEIBAJHIGOFIKFJFMFO</LOG>
<LOG>GPHDACHPJLFOIINLDEACFDNDKFHDDIIMHGHJBNNFCCODIBBONPBEACMIEPPLKFDCFMBGGOOMBOLLBNMPPFKMJPCCEDMANDBFHBJECHDIEDIEIBKLLHGNNMHLANNLKJAJAJNIPFEMBPFMHFPL</LOG>
<LOG>GPHDACHPJLFOIINLDEACFDNDKFHDDIIMHGHJBNNFCCODIBBONPBEACMIEPPLKFDCFMBGGOOMBOLLBNMPDKDNPJDIMGOFIODLFBMCPGKOPCGGBAHKKHOOPDNBLKBLOHGK</LOG>
<LOG>GPHDACHPJLFOIINLDEACFDNDKFHDDIIMHGHJBNNFCCODIBBONPBEACMIEPPLKFDCFMBGGOOMBOLLBNMPDKDNPJDIMGOFIODLGBHCGBFGBDACNEIJGPACGMPCOBEDJLFPCPNLPIPKJPBBMAKB</LOG>
<LOG>GPHDACHPJLFOIINLNFBHLMIDONMEJDAPHGHJBNNFCCODIBBONPBEACMIEPPLKFDCFMBGGOOMBOLLBNMPMCBCAONPDLCPJJMHGILGEEKICPACGCBMAEIKLPHFPGDDBJGIFMCIGJNOKMGKPADG</LOG>
<LOG>GPHDACHPJLFOIINLNFBHLMIDONMEJDAPHGHJBNNFCCODIBBONPBEACMIEPPLKFDCFMBGGOOMBOLLBNMPPFKMJPCCEDMANDBFHBJECHDIEDIEIBKLNHOBFEGNLEHDJJMABMLMKKPBFBODJFHFFEADGIENMGGLFOBN</LOG>
<LOG>GPHDACHPJLFOIINLNBJHEFOGOHBLBANAHGHJBNNFCCODIBBONPBEACMIEPPLKFDCFMBGGOOMBOLLBNMPMCBCAONPDLCPJJMHGILGEEKICPACGCBMMJMOAGGFFCPFJJKFLBEPMKLGHCLGLLIK</LOG>
<LOG>GPHDACHPJLFOIINLNBJHEFOGOHBLBANAHGHJBNNFCCODIBBONPBEACMIEPPLKFDCFMBGGOOMBOLLBNMPLCGCPHCAFPJGGHNIFHIMNHEICLKFIMIBNPILKBOHHHGNCPDH</LOG>
<LOG>GPHDACHPJLFOIINLNBJHEFOGOHBLBANAHGHJBNNFCCODIBBONPBEACMIEPPLKFDCFMBGGOOMBOLLBNMPMCBCAONPDLCPJJMHGILGEEKICPACGCBMPJPICDAHHBNCLDIKCHELMJOGOGMDMHNJ</LOG>
<LOG>GPHDACHPJLFOIINLNBJHEFOGOHBLBANAHGHJBNNFCCODIBBONPBEACMIEPPLKFDCFMBGGOOMBOLLBNMPPFKMJPCCEDMANDBFHBJECHDIEDIEIBKLIHBFMGEBFLNEMKMAJCAEMMFMFGBLFBMHBMLMKKPBFBODJFHFFEADGIENMGGLFOBN</LOG>
<LOG>GPHDACHPJLFOIINLPFNFJFOFPGOMPMOIHGHJBNNFCCODIBBONPBEACMIEPPLKFDCFMBGGOOMBOLLBNMPMCBCAONPDLCPJJMHFJHDNGENHGKAEOPEHGNJJAKBAMIEJMFPHDDAAEAHMIHLNFIJ</LOG>
<LOG>GPHDACHPJLFOIINLPFNFJFOFPGOMPMOIHGHJBNNFCCODIBBONPBEACMIEPPLKFDCFMBGGOOMBOLLBNMPPFKMJPCCEDMANDBFHBJECHDIEDIEIBKLMDAHNNCKLDNAOPACDAJFENENDKNFHEJGHCGIBADAJHJBBBEPHJAOENFGAMCAAEKK</LOG>
<LOG>GPHDACHPJLFOIINLPFNFJFOFPGOMPMOIHGHJBNNFCCODIBBONPBEACMIEPPLKFDCFMBGGOOMBOLLBNMPMCBCAONPDLCPJJMHDHJJJOAPGGLBIMIKCIFMNDDNJBADEHBIOOGKKMDCJHHHIPEF</LOG>
<LOG>GPHDACHPJLFOIINLPFNFJFOFPGOMPMOIHGHJBNNFCCODIBBONPBEACMIEPPLKFDCFMBGGOOMBOLLBNMPJIPJNKKIJBAMGHOKHPHGKBKLKAIEPEONCBJNEPMFGJFKPAFDBGIGOAFMJONDCBBBJHLLDOIKJJODOOKMEPAFAIMCMHLPLHFFLGCKPACDLFDOEDHGHFILFLJMAPKNJIDIGBKCEPGAKLMLGMJFPALIJNFHMBBGPIJNMOFKOBFOLMPBKAMGBGCBMGECKCKIKLCHLEFCKGHCKPLBDJKC</LOG>
<LOG>GPHDACHPJLFOIINLPFNFJFOFPGOMPMOIHGHJBNNFCCODIBBONPBEACMIEPPLKFDCFMBGGOOMBOLLBNMPBGAIPOALPJLKFODBMFOILAFJFJHILKEGAIJLGPAHGJCAPEPNHAKNHCDHBLAKLIHC</LOG>
<LOG>GPHDACHPJLFOIINLPFNFJFOFPGOMPMOIHGHJBNNFCCODIBBONPBEACMIEPPLKFDCFMBGGOOMBOLLBNMPDOMAIPNEELGHJAFMJBIMEGKHKMDBNDAIEDHLPGLEMNCNCINP</LOG>
00:04:43.627 00002f64  <log> [wsimage]  LoadCalibration rc=0 profiling=327(ms)
00:04:43.627 00002f64  <log> [_wsapi_]  -ws_create_waveshaper rc=0
00:04:43.627 00002f64  <log> [_wsapi_]  +ws_get_profile ws=ws1
00:04:43.651 00002f64  <log> [_wsapi_]  -ws_get_profile rc=0
00:04:43.651 00002f64  <log> [_wsapi_]  +ws_get_profile ws=ws1
00:04:43.676 00002f64  <log> [_wsapi_]  -ws_get_profile rc=0
00:04:43.752 00002f64  <log> [_wsapi_]  +ws_get_frequencyrange ws=ws1
00:04:43.752 00002f64  <log> [_wsapi_]  start=275.039001 stop=288.816986
00:04:43.752 00002f64  <log> [_wsapi_]  -ws_get_frequencyrange rc=0
00:04:53.443 00002f64  <log> [_wsapi_]  +ws_get_profile ws=ws1
00:04:53.471 00002f64  <log> [_wsapi_]  -ws_get_profile rc=0
00:04:53.471 00002f64  <log> [_wsapi_]  +ws_get_profile ws=ws1
00:04:53.496 00002f64  <log> [_wsapi_]  -ws_get_profile rc=0
00:05:51.475 00002f64  <log> [_wsapi_]  +ws_load_profile ws=ws1
00:05:51.490 00002f64  <log> [_wsapi_]  parse_profile rc=0 entries_size=13778
00:05:51.490 00002f64  <log> [_wsapi_]  validate profile rc=1000000
<LOG>FKKALDHKEHIBEEBPKAAIPKDJEBBPKAPPHGHJBNNFCCODIBBONPBEACMIEPPLKFDCFMBGGOOMBOLLBNMPONEODFKNPBNMPNMLEMKPMCPPALKJONJOEOJOLIDDDBMPDCMLLDHFDIKDEMPCDBOECLJMIGHFNDKLJNDEIHPOBLMAFGDFONPOFCHCOOGJICDDMDDH</LOG>
<LOG>FKKALDHKEHIBEEBPKAAIPKDJEBBPKAPPHGHJBNNFCCODIBBONPBEACMIEPPLKFDCFMBGGOOMBOLLBNMPPHJLBACOONKBIKBMKEPHAOPNNIMGJDONNNAOKFHOGBALKJHLCCIPDHKKJOBPFJHILJMEMIOBCOLBMPKMAGKMDEMNDGIDDADGBGLIMEKMEANLPGDBECFBNKHAKDNOODABOFJDNEFKDMPEEEKN</LOG>
00:05:51.490 00002f64  <log> [wsimage]  LoadFilter rc=0 profiling=0(ms)
00:05:51.490 00002f64  <log> [_wsapi_]  LoadFilter rc=0
00:05:51.490 00002f64  <log> [wvshaper] OpenWaveShaper
00:05:51.948 00002f64  <log> [portmgr]  Enum FT4232 <WS200484D,200484,0>
00:05:52.015 00002f64  <log> [portmgr]  ch_find_devices_ext rc=-1
00:05:52.015 00002f64  <log> [portmgr]  NLocatePort rc=0 profiling=525(ms)
00:05:52.015 00002f64  <dbg> [factory]  CreateModule cid=FTDIComPort iid=IPort
<LOG>NMADFOPEEOMKHEEKEGBDOIHMCLCCLOOCHGHJBNNFCCODIBBOIPMDONLIEEJPIHKAKJDAHCHDEEIACLIGINMBMMKAOELCIDDGDHMKPAJLMLCACBNCIDAGHPPINJKHHNCDGKFPMOOFOMCOHFHE</LOG>
<LOG>NMADFOPEEOMKHEEKEGBDOIHMCLCCLOOCHGHJBNNFCCODIBBOIPMDONLIEEJPIHKAKJDAHCHDEEIACLIGJAOMJAJKFNHHNGAGEHBGCGJJHENPOAOLOKHIHNJPCCLHIOOJGHDBEMFFFFIHJELH</LOG>
00:05:52.366 00002f64  <dbg> [factory]  CreateModule cid=FTDISPIPort iid=IPort
<LOG>NMADFOPEEOMKHEEKIAKLJPKNLKIODALNHGHJBNNFCCODIBBOIPMDONLIEEJPIHKAKJDAHCHDEEIACLIGPFJNCLJJPODABJONPIELBCLDGNHMEEONHOGAKGGMHGCKGEBE</LOG>
<LOG>NMADFOPEEOMKHEEKIAKLJPKNLKIODALNHGHJBNNFCCODIBBOIPMDONLIEEJPIHKAKJDAHCHDEEIACLIGAJDLANJGOOMAKFNNPLCFOEOAAPDPODHOOBCGFIHBCJJCHJDJ</LOG>
<LOG>NMADFOPEEOMKHEEKBFGDOMIOLCGBPONEHGHJBNNFCCODIBBOIPMDONLIEEJPIHKAKJDAHCHDEEIACLIGLOLGMOOGBNMEMOFMIFCBFHGCMMJOMPLD</LOG>
<LOG>NMADFOPEEOMKHEEKBFGDOMIOLCGBPONEHGHJBNNFCCODIBBOIPMDONLIEEJPIHKAKJDAHCHDEEIACLIGIGIJOHFNOIFKPGNIPLCFOEOAAPDPODHOOBCGFIHBCJJCHJDJ</LOG>
<LOG>NMADFOPEEOMKHEEKALOJKAMBBLNENGJJHGHJBNNFCCODIBBOIPMDONLIEEJPIHKAKJDAHCHDEEIACLIGNMGCFPOKNJMFJEOAIFCBFHGCMMJOMPLD</LOG>
<LOG>NMADFOPEEOMKHEEKALOJKAMBBLNENGJJHGHJBNNFCCODIBBOIPMDONLIEEJPIHKAKJDAHCHDEEIACLIGIANDOOMKIOJJIFOMDKENEBMHELEHNJNIGHPNHLKBALKFFPLPELHJOKEIMKCBJHLFPLCCEPOOLKBACNCI</LOG>
<LOG>NMADFOPEEOMKHEEKALOJKAMBBLNENGJJHGHJBNNFCCODIBBOIPMDONLIEEJPIHKAKJDAHCHDEEIACLIGINMBMMKAOELCIDDGDHMKPAJLMLCACBNCOCNKDHENKHPBBJFGGKFPMOOFOMCOHFHE</LOG>
<LOG>NMADFOPEEOMKHEEKALOJKAMBBLNENGJJHGHJBNNFCCODIBBOIPMDONLIEEJPIHKAKJDAHCHDEEIACLIGJAOMJAJKFNHHNGAGEHBGCGJJHENPOAOLLODIMEBEOCGDAJFHEPNGLMPBEBMEPJDL</LOG>
<LOG>LGNEMIMJBMMKBHDHOLDJBJMHKEGNOMLOJKPILAELAKEKPMNOFMJKMOGOGPFAGIGKFMJKMOGOGPFAGIGKFMJKMOGOGPFAGIGKIIDCMDNGMHHGLINHOHMHHIOGEFIOAAKGLCLMGNDMGNFKIBJA</LOG>
<LOG>NMADFOPEEOMKHEEKALOJKAMBBLNENGJJHGHJBNNFCCODIBBOIPMDONLIEEJPIHKAKJDAHCHDEEIACLIGFHIPGCDKJPHGBGEMOGFHPFDDDBDEAGME</LOG>
<LOG>LGNEMIMJBMMKBHDHOLDJBJMHKEGNOMLOPLMOBFEALJDDJHHLEGDKCBGCBPIJJLACFMJKMOGOGPFAGIGKFMJKMOGOGPFAGIGKIIDCMDNGMHHGLINHKGNJIGBCIBFLJKEMLCLMGNDMGNFKIBJA</LOG>
<LOG>KOMKGKOGONCEFCOHMBAHGHMFNMADECBEBOGIGLIHCIJLNOKPMEBGPJPEMHEINDJOFMJKMOGOGPFAGIGKFMJKMOGOGPFAGIGKKICFONFFMPNICNCNJDOHJPHJJCPBCHPFLCLMGNDMGNFKIBJA</LOG>
<LOG>NMADFOPEEOMKHEEKDNGLEANOEPECIHEPHGHJBNNFCCODIBBOIPMDONLIEEJPIHKAKJDAHCHDEEIACLIGKIAJLPPOKECGHNADDHOODOFGPAIAHDBD</LOG>
00:05:52.418 00002f64  <log> [wvshaper] CloseWaveShaper
<LOG>NMADFOPEEOMKHEEKNGHEBAELMFIKOAALHGHJBNNFCCODIBBOIPMDONLIEEJPIHKAKJDAHCHDEEIACLIGHBLADLKPLJPOLDEIPEIHMKMGGIBHALEC</LOG>
<LOG>NMADFOPEEOMKHEEKLNKKAPGLJPOPACLLHGHJBNNFCCODIBBOIPMDONLIEEJPIHKAKJDAHCHDEEIACLIGHBLADLKPLJPOLDEIPEIHMKMGGIBHALEC</LOG>
00:05:52.585 00002f64  <log> [wvshaper] FWR? -- FWR?
02.21.02
OK

00:05:52.585 00002f64  <log> [wvshaper] OpenWaveShaper
00:05:53.042 00002f64  <log> [portmgr]  Enum FT4232 <WS200484D,200484,0>
00:05:53.043 00002f64  <log> [portmgr]  ch_find_devices_ext rc=-1
00:05:53.043 00002f64  <log> [portmgr]  NLocatePort rc=0 profiling=458(ms)
00:05:53.043 00002f64  <dbg> [factory]  CreateModule cid=FTDIComPort iid=IPort
<LOG>OBFHJHPCBMFHJMEJPBFIHGLJNFJFCHNBHGHJBNNFCCODIBBOIPMDONLIEEJPIHKAKJDAHCHDEEIACLIGINMBMMKAOELCIDDGDHMKPAJLMLCACBNCIDAGHPPINJKHHNCDGKFPMOOFOMCOHFHE</LOG>
<LOG>OBFHJHPCBMFHJMEJIONBGEEDJBFLEGNNHGHJBNNFCCODIBBOIPMDONLIEEJPIHKAKJDAHCHDEEIACLIGJAOMJAJKFNHHNGAGEHBGCGJJHENPOAOLNAHJIPGNAIIOBMLGLINAPBBJKBMNMHLN</LOG>
00:05:53.379 00002f64  <dbg> [factory]  CreateModule cid=FTDISPIPort iid=IPort
<LOG>OBFHJHPCBMFHJMEJNFMHPDMLBKBKJBBNHGHJBNNFCCODIBBOIPMDONLIEEJPIHKAKJDAHCHDEEIACLIGPFJNCLJJPODABJONPIELBCLDGNHMEEONHOGAKGGMHGCKGEBE</LOG>
<LOG>OBFHJHPCBMFHJMEJNFMHPDMLBKBKJBBNHGHJBNNFCCODIBBOIPMDONLIEEJPIHKAKJDAHCHDEEIACLIGAJDLANJGOOMAKFNNPLCFOEOAAPDPODHOOBCGFIHBCJJCHJDJ</LOG>
<LOG>OBFHJHPCBMFHJMEJNAPDKLOEJPOHGKNBHGHJBNNFCCODIBBOIPMDONLIEEJPIHKAKJDAHCHDEEIACLIGLOLGMOOGBNMEMOFMIFCBFHGCMMJOMPLD</LOG>
<LOG>OBFHJHPCBMFHJMEJNAPDKLOEJPOHGKNBHGHJBNNFCCODIBBOIPMDONLIEEJPIHKAKJDAHCHDEEIACLIGIGIJOHFNOIFKPGNIPLCFOEOAAPDPODHOOBCGFIHBCJJCHJDJ</LOG>
<LOG>OBFHJHPCBMFHJMEJNKAJJJKBNGPOHGJOHGHJBNNFCCODIBBOIPMDONLIEEJPIHKAKJDAHCHDEEIACLIGNMGCFPOKNJMFJEOAIFCBFHGCMMJOMPLD</LOG>
<LOG>OBFHJHPCBMFHJMEJNKAJJJKBNGPOHGJOHGHJBNNFCCODIBBOIPMDONLIEEJPIHKAKJDAHCHDEEIACLIGIANDOOMKIOJJIFOMDKENEBMHELEHNJNIGHPNHLKBALKFFPLPELHJOKEIMKCBJHLFPLCCEPOOLKBACNCI</LOG>
<LOG>OBFHJHPCBMFHJMEJNKAJJJKBNGPOHGJOHGHJBNNFCCODIBBOIPMDONLIEEJPIHKAKJDAHCHDEEIACLIGINMBMMKAOELCIDDGDHMKPAJLMLCACBNCOCNKDHENKHPBBJFGGKFPMOOFOMCOHFHE</LOG>
<LOG>OBFHJHPCBMFHJMEJNKAJJJKBNGPOHGJOHGHJBNNFCCODIBBOIPMDONLIEEJPIHKAKJDAHCHDEEIACLIGJAOMJAJKFNHHNGAGEHBGCGJJHENPOAOLLODIMEBEOCGDAJFHEPNGLMPBEBMEPJDL</LOG>
<LOG>OBFHJHPCBMFHJMEJNKAJJJKBNGPOHGJOHGHJBNNFCCODIBBONPBEACMIEPPLKFDCFMBGGOOMBOLLBNMPLBAEMCJJDBFGMJGHMNOAINGOGPMNLDCIIPEBFOAHNEFJMFHG</LOG>
<LOG>OBFHJHPCBMFHJMEJNKAJJJKBNGPOHGJOHGHJBNNFCCODIBBONPBEACMIEPPLKFDCFMBGGOOMBOLLBNMPBCJMNJIEHEEHKIEFMEBMFICLJMGDCNOLEPJLJGDKOGMKNLCMPALLENGHBHADNMHBLDHFDIKDEMPCDBOEJENBDJONLGLBPGCPCCAHAIGDGPNGJHMENNFKJBCCFEDAMJDLCFKFDMABAFNGLNBB</LOG>
<LOG>OBFHJHPCBMFHJMEJKEFCJDBLANEBOKOJHGHJBNNFCCODIBBONPBEACMIEPPLKFDCFMBGGOOMBOLLBNMPDNEBLCHBLIGOOGCKDAIFIKJJLBGPLAGJHAINLBBGNNNKNDOFBOFOCDCGHDGKFGHE</LOG>
<LOG>OBFHJHPCBMFHJMEJKEFCJDBLANEBOKOJHGHJBNNFCCODIBBONPBEACMIEPPLKFDCFMBGGOOMBOLLBNMPDJGGGNMCCJJNCMOAHPFBOJDPDADGFLEKBHOAMPDMONOMBJHANGGBLLHDIJINEMKB</LOG>
<LOG>OBFHJHPCBMFHJMEJNNMJLLBMHOMEMKAOHGHJBNNFCCODIBBONPBEACMIEPPLKFDCFMBGGOOMBOLLBNMPDJGGGNMCCJJNCMOAPBBLIDDGBIDGNEPIDHOODOFGPAIAHDBD</LOG>
<LOG>OBFHJHPCBMFHJMEJNNMJLLBMHOMEMKAOHGHJBNNFCCODIBBONPBEACMIEPPLKFDCFMBGGOOMBOLLBNMPDJGGGNMCCJJNCMOABEBCEGCLLLEBOCIIPDHHMAAKJLIPLIPMEPNGLMPBEBMEPJDL</LOG>
00:05:53.429 00002f64  <log> [wsimage]  ComputeImage startcol=0 endcol=1280 rc=0 profiling=6(ms)
00:05:53.437 00002f64  <log> [wvshaper] Image compressed size=9611 crc=7edcf8d5
00:05:53.437 00002f64  <log> [wvshaper] CompressImage lenout=9611 rc=0 profiling=7(ms)
<LOG>POLLEFAAIHABCADJKECKKMPMAGFIGLPOGFGENKBPDCBPNNGLFBIHCFOILAAJBKLJOKONFJKNDFHFHJEIPIAECAOJEENBBMGPMIHEHGBFIAPNBOGPAHGBGBDBPLBBEIKMDNJMKKPMPILENIBPOLGGBGBNCOJLCJCAPLMIONBIIHKJJHPAFHANILBLODPDNNKLAOABLMPECPBJABGABHGGEEBINAAHNCAOGPGAALBOAALBIEKGJBFBMDECBEJKBICAPJKNIAIMJKHCNFPGKAMJDPEBIHIJNBEI</LOG>
<LOG>OBFHJHPCBMFHJMEJLCDJKABLMKJGKACDHGHJBNNFCCODIBBOIPMDONLIEEJPIHKAKJDAHCHDEEIACLIGFHIPGCDKJPHGBGEMOGFHPFDDDBDEAGME</LOG>
<LOG>POLLEFAAIHABCADJKECKKMPMAGFIGLPOGFGENKBPDCBPNNGLIMNLCDGOLKKAFGKKFMJKMOGOGPFAGIGKFMJKMOGOGPFAGIGKMIHEHGBFIAPNBOGPPIKGAGMKDCEIDNFILCLMGNDMGNFKIBJA</LOG>
<LOG>GGAMKLMMOJGOEBHILBPALONCCLKCKEBPFCJNALENJNJKBEMPPNLIIPNAEKJBNLFJFMJKMOGOGPFAGIGKFMJKMOGOGPFAGIGKAMFDMOFCHJOBPCNJPIEGMEPCHGCIPMPMLCLMGNDMGNFKIBJA</LOG>
<LOG>AHKDFAHMKFFFGHMFHGFIGLCJPEFLCINJIPFHCBGGEMHFIABPMEBGPJPEMHEINDJOFMJKMOGOGPFAGIGKFMJKMOGOGPFAGIGKFLOBMODDFHPDADLMDGOEPPFMIKCKMICBLCLMGNDMGNFKIBJA</LOG>
<LOG>CMNPAFGPDFEMABMOMKAFNOEGAGGHHJEBDLGOEMFCFAGLPICNMBOEEAPFGBGGCAHNFMJKMOGOGPFAGIGKFMJKMOGOGPFAGIGKPNBOPKJMGHAPHCDEIDOODFFIPIMHGKGNLCLMGNDMGNFKIBJA</LOG>
<LOG>ANPFIFCFFPCCADLBHFJBDBIPGAKDNFEDBBEADGIPBEIFPAJLJEJDLEICFHDBEFBNFMJKMOGOGPFAGIGKFMJKMOGOGPFAGIGKAPHKGDGJEKCGDFHLMMJKBAIFFHOJDKBLLCLMGNDMGNFKIBJA</LOG>
<LOG>OBFHJHPCBMFHJMEJMMPHMBBKMGOFPKODHGHJBNNFCCODIBBOIPMDONLIEEJPIHKAKJDAHCHDEEIACLIGKIAJLPPOKECGHNADDHOODOFGPAIAHDBD</LOG>
00:05:53.462 00002f64  <log> [wvshaper] Sending through SPI...
<LOG>LBIKCAFGBGALEDMIEHHPIACPCOEPKCLONNNHMNEDDLFPPJAIIEMEOFAMIEHPPJPNLABNLNHKEDNFFGEMMHJNELMEOOJFPJDBADPJCHOFOCJLAMNBBJPPFFKEAFGCOHIAPIJCCEACBCHCPEOILJICAOOBGBNNAALOIAGLCAAHGIEADJIHAMDCCPDLIONCLOIJBAKFFDHAIKBMCFPKJJBNHBBOKGGGFPHKPCMAKPJCKONDNLAENFACCMAOOBEFNKNHNONOPPGPEAEKDFPEOEEEFHMALFAEBMHIGILKJKPLKLPPKGBEJLNJFHHDJGCOFDNCFEPNCKJHBMJKBGBENJFGNDLEJIDANOIBIMEFAGNPCKMDPPDAIKKEOIKLEEPBJFHCOFFDAMEGEEAPFNPFCABHBHKBDDDLBOAFEALEOCOMLPDDHOAKLDDCDBMBLAHOBIICLGFHKNKKEEJBMHJMACJLAMDAKBFNNJPGEOMNEMJCBBPJJOILIDNGONCDNKNLMOPIMEBIMEOEBNABNNBIJLPMGBMENHBHJGFKJCCJBKBMAHCMHFKL</LOG>
<LOG>IKEHGHPBKPBCEMLEKCFMNLOIOKGPGEAHLALFMCKIENGCMMHA</LOG>
<LOG>ELFIOLGFNJNLNAFIKEPCJBIDNNONKHKNIMICFPMONDOHGLIGMEHBAEMIPEKDCJBBDJKAGHANHPFKLEIKBOKCHCLBBJIBGHGKCANHDIPJDFGGLLNJNBLAJICHKEJDCFLGGIFGPEAEHBMCJCMFDLMDBNBGKMLFALGPADMDFCCGIAMCBNJKCIAMONHOBELAJEOGGBLBJEJLCDMMNANAHAGJIOPJGFDCJBKJNALBLPOBNJDPAIBIKKOJELNBMBDEOPKKFIDBHAPHJOICFGBNOPNPNNDBPBKIDIMHCMKKJFLLLMNEEOCEHIFJCNGMFEFIKBELJNLJBABIHEGENAJOFOPMOEIEIFLNOOLEKMPBOGBGLNEFNJLKGNBFGIHMMIOGGJDDJEDFKICNAMIEFECHKAFEIIAGCDDLGOMMFJLPOOOGKOAECKLHIEPGELEIFJAEEMFJENEHOLAHIFBLJCCMILLFIOCDEJELABOOHFIEPIAPEAHFKALPGCOFDMKGAPHOBNPNHIGOMMNBKOLCDPADFGBMEJHAFDIFIOPJJCCJBKBMAHCMHFKL</LOG>
<LOG>OBFHJHPCBMFHJMEJEFNICPOLNKGAPCPGHGHJBNNFCCODIBBOIPMDONLIEEJPIHKAKJDAHCHDEEIACLIGFHIPGCDKJPHGBGEMOGFHPFDDDBDEAGME</LOG>
<LOG>NIHFOLAIDIFACNNILGECLEFHJNGEHOJHLPIPMDJGGPDMFFEHFPEDHOMLKDHCBOKFFMJKMOGOGPFAGIGKFMJKMOGOGPFAGIGKMFEOIINAICONKDMHBNOBJGHHNGFJLDJNLCLMGNDMGNFKIBJA</LOG>
<LOG>HCGFAGPCMBLLNPDBJAONLDMFKCIAPENFFMJKMOGOGPFAGIGKFMJKMOGOGPFAGIGKFMJKMOGOGPFAGIGKFMJKMOGOGPFAGIGKDEGIKLIINGHPAPKAFMJKMOGOGPFAGIGKLCLMGNDMGNFKIBJA</LOG>
<LOG>EOGKIIKHECHCNLECPFJFKJCCFKDAHEALMMBDBBNACEIFIPAFPFGNHNLEADMFOGJHFMJKMOGOGPFAGIGKFMJKMOGOGPFAGIGKIIOJIHOPLLGLMBJAPGOKKGMCACNMLHBALCLMGNDMGNFKIBJA</LOG>
<LOG>OPHIPAMELKAMOBDLNLMINMODLLKKPGALIANLNDHNEMFDOCMPBACCDGGBCJJEBKPKFMJKMOGOGPFAGIGKFMJKMOGOGPFAGIGKLBMENPFPPILJFDEDMGIIDCIDAAIGPDOBLCLMGNDMGNFKIBJA</LOG>
<LOG>IHOAPLIBKOOHGPHOJAONLDMFKCIAPENFFMJKMOGOGPFAGIGKFMJKMOGOGPFAGIGKFMJKMOGOGPFAGIGKFMJKMOGOGPFAGIGKOIGLFAEMCFEEFLGAFMJKMOGOGPFAGIGKLCLMGNDMGNFKIBJA</LOG>
<LOG>INIJHFHNDACBMPILNMAMPBGHKCLCJKBPHGHJBNNFCCODIBBOIPMDONLIEEJPIHKAKJDAHCHDEEIACLIGKIAJLPPOKECGHNADDHOODOFGPAIAHDBD</LOG>
00:05:54.091 00002f64  <log> [wvshaper] DownloadImage Success rc=0 profiling=0(ms) 25(ms) 92(ms) 654(ms)
00:05:54.091 00002f64  <log> [wvshaper] CloseWaveShaper
<LOG>INIJHFHNDACBMPILGJCJEEIFBCAHMEDNHGHJBNNFCCODIBBOIPMDONLIEEJPIHKAKJDAHCHDEEIACLIGHBLADLKPLJPOLDEIPEIHMKMGGIBHALEC</LOG>
<LOG>INIJHFHNDACBMPILDDBNKLOHGGKJCJNMHGHJBNNFCCODIBBOIPMDONLIEEJPIHKAKJDAHCHDEEIACLIGHBLADLKPLJPOLDEIPEIHMKMGGIBHALEC</LOG>
00:05:54.253 00002f64  <log> [_wsapi_]  -ws_load_profile rc=0
00:05:54.253 00002f64  <log> [_wsapi_]  +ws_get_profile ws=ws1
00:05:54.282 00002f64  <log> [_wsapi_]  -ws_get_profile rc=0
00:05:54.282 00002f64  <log> [_wsapi_]  +ws_get_profile ws=ws1
00:05:54.312 00002f64  <log> [_wsapi_]  -ws_get_profile rc=0
00:06:03.314 00002f64  <log> [_wsapi_]  +ws_get_profile ws=ws1
00:06:03.347 00002f64  <log> [_wsapi_]  -ws_get_profile rc=0
00:06:03.347 00002f64  <log> [_wsapi_]  +ws_get_profile ws=ws1
00:06:03.377 00002f64  <log> [_wsapi_]  -ws_get_profile rc=0
=======START LOGGING=======
00:06:58.125 000043e4  <log> [factory]  RegisterModule cls=WaveShaperImage
00:06:58.125 000043e4  <log> [factory]  RegisterModule cls=WaveShaper
00:06:58.125 000043e4  <log> [factory]  RegisterModule cls=WaveShaper
00:06:58.125 000043e4  <log> [factory]  RegisterModule cls=MemBuffer
00:06:58.125 000043e4  <log> [factory]  RegisterModule cls=FTDI_Cheetah_PortManager
00:06:58.125 000043e4  <dbg> [factory]  CreateModule cid=FTDI_Cheetah_PortManager iid=IPortManager
00:06:58.125 000043e4  <log> [factory]  RegisterModule cls=WSSimPort
00:06:58.125 000043e4  <log> [factory]  RegisterModule cls=ComPort
00:06:58.125 000043e4  <log> [factory]  RegisterModule cls=FTDIComPort
00:06:58.125 000043e4  <log> [factory]  RegisterModule cls=FTDISPIPort
00:06:58.125 000043e4  <log> [factory]  RegisterModule cls=CheetahSPIPort
00:06:58.125 000043e4  <log> [_wsapi_]  Initialize WaveShaperAPI, version=2.7.3
00:06:58.125 000043e4  <log> [_wsapi_]  +ws_create_waveshaper ws=ws1
00:06:58.125 000043e4  <dbg> [factory]  CreateModule cid=WaveShaper iid=IWaveShaper
00:06:58.125 000043e4  <dbg> [factory]  CreateModule cid=WaveShaperImage iid=IWaveShaperImage
00:06:58.126 000043e4  <dbg> [factory]  CreateModule cid=MemBuffer iid=IMemBuffer
00:06:58.126 000043e4  <dbg> [factory]  CreateModule cid=MemBuffer iid=IMemBuffer
00:06:58.126 000043e4  <dbg> [factory]  CreateModule cid=MemBuffer iid=IMemBuffer
00:06:58.126 000043e4  <dbg> [factory]  CreateModule cid=MemBuffer iid=IMemBuffer
<LOG>NHDELIOFCODGFPHKPNIDIOONEGFEHJLGNKKHBFINDPOHBJBFNPBEACMIEPPLKFDCFMBGGOOMBOLLBNMPCFEMJMGBPCIJILNLLOAHEAFPELDLPOHNCOLMBCCAGFIHDOBF</LOG>
<LOG>NHDELIOFCODGFPHKFCHKHPLMAELJOBIKNKKHBFINDPOHBJBFNPBEACMIEPPLKFDCFMBGGOOMBOLLBNMPCOCHOFBHBNCFGKPJKFFPFNEEDCDKMKIJHCBNHFJAPBHFOPLJFBOMDFNNNEHHDGOGMAEPKPFJCLGGOMDP</LOG>
<LOG>NHDELIOFCODGFPHKFCHKHPLMAELJOBIKNKKHBFINDPOHBJBFNPBEACMIEPPLKFDCFMBGGOOMBOLLBNMPDKJBCIBBDFFIFJKPAABBCFOHGONGLBOA</LOG>
<LOG>NHDELIOFCODGFPHKFCHKHPLMAELJOBIKNKKHBFINDPOHBJBFNPBEACMIEPPLKFDCFMBGGOOMBOLLBNMPDKJBCIBBDFFIFJKPDLNDBLECAKONICKA</LOG>
<LOG>NHDELIOFCODGFPHKFCHKHPLMAELJOBIKNKKHBFINDPOHBJBFNPBEACMIEPPLKFDCFMBGGOOMBOLLBNMPDKJBCIBBDFFIFJKPHONKGIGPAIFNEBMH</LOG>
<LOG>NHDELIOFCODGFPHKFCHKHPLMAELJOBIKNKKHBFINDPOHBJBFNPBEACMIEPPLKFDCFMBGGOOMBOLLBNMPDKJBCIBBDFFIFJKPGLLLOELCCFHKEKLI</LOG>
<LOG>NHDELIOFCODGFPHKFCHKHPLMAELJOBIKNKKHBFINDPOHBJBFNPBEACMIEPPLKFDCFMBGGOOMBOLLBNMPDKJBCIBBDFFIFJKPIGDGJNJHNCLCGKNJ</LOG>
<LOG>NHDELIOFCODGFPHKFCHKHPLMAELJOBIKNKKHBFINDPOHBJBFNPBEACMIEPPLKFDCFMBGGOOMBOLLBNMPDKJBCIBBDFFIFJKPLFBCNMEMCBBEOCGA</LOG>
<LOG>NHDELIOFCODGFPHKFCHKHPLMAELJOBIKNKKHBFINDPOHBJBFNPBEACMIEPPLKFDCFMBGGOOMBOLLBNMPDKJBCIBBDFFIFJKPPDLHMLOLNLOPIMDK</LOG>
<LOG>NHDELIOFCODGFPHKFCHKHPLMAELJOBIKNKKHBFINDPOHBJBFNPBEACMIEPPLKFDCFMBGGOOMBOLLBNMPDKJBCIBBDFFIFJKPAIPIJDDDPDAGHAKG</LOG>
<LOG>NHDELIOFCODGFPHKFCHKHPLMAELJOBIKNKKHBFINDPOHBJBFNPBEACMIEPPLKFDCFMBGGOOMBOLLBNMPDKJBCIBBDFFIFJKPCIDKMDFJDEEACMCK</LOG>
<LOG>NHDELIOFCODGFPHKFCHKHPLMAELJOBIKNKKHBFINDPOHBJBFNPBEACMIEPPLKFDCFMBGGOOMBOLLBNMPDKJBCIBBDFFIFJKPJMKBHALBFKHIDIPLCACDHMCAKBMBBIDJ</LOG>
<LOG>NHDELIOFCODGFPHKFCHKHPLMAELJOBIKNKKHBFINDPOHBJBFNPBEACMIEPPLKFDCFMBGGOOMBOLLBNMPDKJBCIBBDFFIFJKPGCIJFKGBEJCAGBIC</LOG>
<LOG>NHDELIOFCODGFPHKFCHKHPLMAELJOBIKNKKHBFINDPOHBJBFNPBEACMIEPPLKFDCFMBGGOOMBOLLBNMPDKJBCIBBDFFIFJKPOOMHMMMEJCOBCPOD</LOG>
<LOG>NHDELIOFCODGFPHKEMCCBJEKBFCCNBNLNKKHBFINDPOHBJBFNPBEACMIEPPLKFDCFMBGGOOMBOLLBNMPBINDNGBCPBPGGHGBJBIMEGKHKMDBNDAIAHKFEENGLIAJGFGI</LOG>
<LOG>NHDELIOFCODGFPHKOGBCANNEAAMDNJEMNKKHBFINDPOHBJBFNPBEACMIEPPLKFDCFMBGGOOMBOLLBNMPPFKMJPCCEDMANDBFHBJECHDIEDIEIBKLBLPFFPPPLJIDFLLBEBOBJIKKHKHLOMID</LOG>
<LOG>NHDELIOFCODGFPHKOGBCANNEAAMDNJEMNKKHBFINDPOHBJBFNPBEACMIEPPLKFDCFMBGGOOMBOLLBNMPMEIELENCDJDIAMLFALNKPNANOFLONBJDIAPMNMKLPCNOFGGLOBEBKFOFMIIJOJAL</LOG>
<LOG>NHDELIOFCODGFPHKOGBCANNEAAMDNJEMNKKHBFINDPOHBJBFNPBEACMIEPPLKFDCFMBGGOOMBOLLBNMPDJOBPKKLOFGPMFMKIGHCIHKHEAGCHBGMPOGGPCDFMNBIHKKF</LOG>
<LOG>NHDELIOFCODGFPHKOGBCANNEAAMDNJEMNKKHBFINDPOHBJBFNPBEACMIEPPLKFDCFMBGGOOMBOLLBNMPIFIBEFAFJGIHAKLAKEMLPMJDDBBFKBEBAGFFNACBLPILHPKO</LOG>
<LOG>NHDELIOFCODGFPHKOGBCANNEAAMDNJEMNKKHBFINDPOHBJBFNPBEACMIEPPLKFDCFMBGGOOMBOLLBNMPDPLGPLHAOJJLPCPJJGEJJECEPDBNLNHCEHDDCIMALMAMAMJE</LOG>
<LOG>NHDELIOFCODGFPHKOGBCANNEAAMDNJEMNKKHBFINDPOHBJBFNPBEACMIEPPLKFDCFMBGGOOMBOLLBNMPHHODADKCHAJFCPJLCIIBACOECNCAJMPHPDJFNFKPNFJIGFDB</LOG>
<LOG>NHDELIOFCODGFPHKOGBCANNEAAMDNJEMNKKHBFINDPOHBJBFNPBEACMIEPPLKFDCFMBGGOOMBOLLBNMPOGFFIEFFOPBNLFBBBLONLIJCDLMKIKIB</LOG>
<LOG>NHDELIOFCODGFPHKOGBCANNEAAMDNJEMNKKHBFINDPOHBJBFNPBEACMIEPPLKFDCFMBGGOOMBOLLBNMPKMGKPJMMLLPBFFHPMOOMNLMNPMKBPFLD</LOG>
<LOG>NHDELIOFCODGFPHKOGBCANNEAAMDNJEMNKKHBFINDPOHBJBFNPBEACMIEPPLKFDCFMBGGOOMBOLLBNMPDBIBEPIJGDNJLHPNKAILNBOICKECHLLHMMKHDHMMNNLGCNJKDAPCACICJAKIMGKOIKEDOBEALJLJMDFLJMKALENKIMEFBJHCIEELOMHGBFOFJCLL</LOG>
<LOG>NHDELIOFCODGFPHKOGBCANNEAAMDNJEMNKKHBFINDPOHBJBFNPBEACMIEPPLKFDCFMBGGOOMBOLLBNMPBIBIGNGPADPJABHOHGJPPEIBBIHDNFCIKHOOPDNBLKBLOHGK</LOG>
<LOG>NHDELIOFCODGFPHKOGBCANNEAAMDNJEMNKKHBFINDPOHBJBFNPBEACMIEPPLKFDCFMBGGOOMBOLLBNMPDPGPFNBLGNKMBJEJMOFAKJNNIMAAJBMPFACJOFGHNJJPAGEM</LOG>
<LOG>NHDELIOFCODGFPHKOGBCANNEAAMDNJEMNKKHBFINDPOHBJBFNPBEACMIEPPLKFDCFMBGGOOMBOLLBNMPIFKIFKHLJHFGHOOBFDLJIHLIEDLPLBADCJFGCOGOKBELJMFK</LOG>
<LOG>NHDELIOFCODGFPHKOGBCANNEAAMDNJEMNKKHBFINDPOHBJBFNPBEACMIEPPLKFDCFMBGGOOMBOLLBNMPHLOKMCEKFDMACEPCMMLDLDHJLMJKPJJEPLLJODMBOOINFOIA</LOG>
<LOG>NHDELIOFCODGFPHKOGBCANNEAAMDNJEMNKKHBFINDPOHBJBFNPBEACMIEPPLKFDCFMBGGOOMBOLLBNMPCMKJMGMAGMIGPGLIAOMEJFMLNCFBGANAGCFEPHFHCMGJJOEBOJBLHJNJPMHKCKGGLCMHIIDCNAKACGJCAGKMDEMNDGIDDADGGDEGLHKBLIPLBBPJ</LOG>
<LOG>NHDELIOFCODGFPHKOGBCANNEAAMDNJEMNKKHBFINDPOHBJBFNPBEACMIEPPLKFDCFMBGGOOMBOLLBNMPMCBCAONPDLCPJJMHGILGEEKICPACGCBMCCFINEMBPIAKLJJLFAOBENIMHOOKLLNNNILAINOOBBLNDNJBCHELMJOGOGMDMHNJ</LOG>
<LOG>NHDELIOFCODGFPHKOGBCANNEAAMDNJEMNKKHBFINDPOHBJBFNPBEACMIEPPLKFDCFMBGGOOMBOLLBNMPCNCJNKCMIEJIPPNDJPNMEMPAEDNOANOFLEKNBHPEKOBKGILH</LOG>
<LOG>NHDELIOFCODGFPHKOGBCANNEAAMDNJEMNKKHBFINDPOHBJBFNPBEACMIEPPLKFDCFMBGGOOMBOLLBNMPFNFKJIKFOJJLDMLHNBKCDNIADKMPFBFADDLILBOGGLEGEMPM</LOG>
<LOG>NHDELIOFCODGFPHKOGBCANNEAAMDNJEMNKKHBFINDPOHBJBFNPBEACMIEPPLKFDCFMBGGOOMBOLLBNMPNCEDBIHJDPLCOOIOBALAIDDHJDLJOKJC</LOG>
<LOG>NHDELIOFCODGFPHKOGBCANNEAAMDNJEMNKKHBFINDPOHBJBFNPBEACMIEPPLKFDCFMBGGOOMBOLLBNMPAFPPHOBNEFGNBBHDGELLOPIFPPNBNOCOIELEEEMNLKMAIJKM</LOG>
<LOG>NHDELIOFCODGFPHKOGBCANNEAAMDNJEMNKKHBFINDPOHBJBFNPBEACMIEPPLKFDCFMBGGOOMBOLLBNMPAKAAMMBJIBBMJMFKIHBCHFPACKGNIHLOFBPJADEFBABFAFLO</LOG>
<LOG>NHDELIOFCODGFPHKOGBCANNEAAMDNJEMNKKHBFINDPOHBJBFNPBEACMIEPPLKFDCFMBGGOOMBOLLBNMPKDIPNDCMFKMGMELIIKOBBKFKHEJHEFOGDCHIFMLIAPOKFFBGDEMFEOFNHILEHFGDFNJAKLFLIJJFKPECAAEMPFFLPILLCCGMBNLHMJCAMGNFKNAGDMCDLOEMIDPICIJF</LOG>
<LOG>NHDELIOFCODGFPHKOGBCANNEAAMDNJEMNKKHBFINDPOHBJBFNPBEACMIEPPLKFDCFMBGGOOMBOLLBNMPPFKMJPCCEDMANDBFHBJECHDIEDIEIBKLBDBEGDIFOFCDBCGBPOCMNIEMIJPOMKOCNNPBIJCHFNJNNJEN</LOG>
<LOG>NHDELIOFCODGFPHKOHBBPCGAPJHKGDKKNKKHBFINDPOHBJBFNPBEACMIEPPLKFDCFMBGGOOMBOLLBNMPPFKMJPCCEDMANDBFHBJECHDIEDIEIBKLNKPHBIEKIAMJKOAPKKFAIKGHGJPDFNLLJNOIGHGJPIPIBPKJHHGAEOLICDBGOMAL</LOG>
<LOG>NHDELIOFCODGFPHKLBOPNECBCJEHPHNBNKKHBFINDPOHBJBFNPBEACMIEPPLKFDCFMBGGOOMBOLLBNMPMCBCAONPDLCPJJMHGILGEEKICPACGCBMJGMNIBPIGNJLIHFDPEGAOMOEEBJNDMEIOOGKKMDCJHHHIPEF</LOG>
<LOG>NHDELIOFCODGFPHKLBOPNECBCJEHPHNBNKKHBFINDPOHBJBFNPBEACMIEPPLKFDCFMBGGOOMBOLLBNMPPFKMJPCCEDMANDBFHBJECHDIEDIEIBKLLHGNNMHLANNLKJAJAJNIPFEMBPFMHFPL</LOG>
<LOG>NHDELIOFCODGFPHKLBOPNECBCJEHPHNBNKKHBFINDPOHBJBFNPBEACMIEPPLKFDCFMBGGOOMBOLLBNMPDKDNPJDIMGOFIODLFBMCPGKOPCGGBAHKKHOOPDNBLKBLOHGK</LOG>
<LOG>NHDELIOFCODGFPHKPEGOJFOLGAIDNJIANKKHBFINDPOHBJBFNPBEACMIEPPLKFDCFMBGGOOMBOLLBNMPDKDNPJDIMGOFIODLGBHCGBFGBDACNEIJGPACGMPCOBEDJLFPCPNLPIPKJPBBMAKB</LOG>
<LOG>NHDELIOFCODGFPHKAIAPJKAAGILKEIPPNKKHBFINDPOHBJBFNPBEACMIEPPLKFDCFMBGGOOMBOLLBNMPMCBCAONPDLCPJJMHGILGEEKICPACGCBMAEIKLPHFPGDDBJGIHDDAAEAHMIHLNFIJ</LOG>
<LOG>NHDELIOFCODGFPHKAIAPJKAAGILKEIPPNKKHBFINDPOHBJBFNPBEACMIEPPLKFDCFMBGGOOMBOLLBNMPPFKMJPCCEDMANDBFHBJECHDIEDIEIBKLNHOBFEGNLEHDJJMABMLMKKPBFBODJFHFFEADGIENMGGLFOBN</LOG>
<LOG>NHDELIOFCODGFPHKGCIAIDJOBJGKOEGONKKHBFINDPOHBJBFNPBEACMIEPPLKFDCFMBGGOOMBOLLBNMPMCBCAONPDLCPJJMHGILGEEKICPACGCBMMJMOAGGFFCPFJJKFKNGODDMMMGLMNCOC</LOG>
<LOG>NHDELIOFCODGFPHKHGLDCANKHGOEKJBJNKKHBFINDPOHBJBFNPBEACMIEPPLKFDCFMBGGOOMBOLLBNMPLCGCPHCAFPJGGHNIFHIMNHEICLKFIMIBNPILKBOHHHGNCPDH</LOG>
<LOG>NHDELIOFCODGFPHKHGLDCANKHGOEKJBJNKKHBFINDPOHBJBFNPBEACMIEPPLKFDCFMBGGOOMBOLLBNMPMCBCAONPDLCPJJMHGILGEEKICPACGCBMNBFGALAOENGNHLBDCHELMJOGOGMDMHNJ</LOG>
<LOG>NHDELIOFCODGFPHKHGLDCANKHGOEKJBJNKKHBFINDPOHBJBFNPBEACMIEPPLKFDCFMBGGOOMBOLLBNMPPFKMJPCCEDMANDBFHBJECHDIEDIEIBKLIHBFMGEBFLNEMKMAJCAEMMFMFGBLFBMHBMLMKKPBFBODJFHFFEADGIENMGGLFOBN</LOG>
<LOG>NHDELIOFCODGFPHKPBBMJJEKJPJICBLFNKKHBFINDPOHBJBFNPBEACMIEPPLKFDCFMBGGOOMBOLLBNMPMCBCAONPDLCPJJMHFJHDNGENHGKAEOPEHGNJJAKBAMIEJMFPOOGKKMDCJHHHIPEF</LOG>
<LOG>NHDELIOFCODGFPHKPBBMJJEKJPJICBLFNKKHBFINDPOHBJBFNPBEACMIEPPLKFDCFMBGGOOMBOLLBNMPPFKMJPCCEDMANDBFHBJECHDIEDIEIBKLMDAHNNCKLDNAOPACDAJFENENDKNFHEJGHCGIBADAJHJBBBEPHJAOENFGAMCAAEKK</LOG>
<LOG>NHDELIOFCODGFPHKPBBMJJEKJPJICBLFNKKHBFINDPOHBJBFNPBEACMIEPPLKFDCFMBGGOOMBOLLBNMPMCBCAONPDLCPJJMHDHJJJOAPGGLBIMIKCIFMNDDNJBADEHBIOOGKKMDCJHHHIPEF</LOG>
<LOG>NHDELIOFCODGFPHKPBBMJJEKJPJICBLFNKKHBFINDPOHBJBFNPBEACMIEPPLKFDCFMBGGOOMBOLLBNMPJIPJNKKIJBAMGHOKHPHGKBKLKAIEPEONCBJNEPMFGJFKPAFDBGIGOAFMJONDCBBBJHLLDOIKJJODOOKMEPAFAIMCMHLPLHFFLGCKPACDLFDOEDHGHFILFLJMAPKNJIDIGBKCEPGAKLMLGMJFPALIJNFHMBBGPIJNMOFKOBFOLMPBKAMGBGCBMGECKCKIKLCHLEFCKGHCKPLBDJKC</LOG>
<LOG>NHDELIOFCODGFPHKPBBMJJEKJPJICBLFNKKHBFINDPOHBJBFNPBEACMIEPPLKFDCFMBGGOOMBOLLBNMPBGAIPOALPJLKFODBMFOILAFJFJHILKEGAIJLGPAHGJCAPEPNNPAAAICJCLECEKGP</LOG>
<LOG>NHDELIOFCODGFPHKPBBMJJEKJPJICBLFNKKHBFINDPOHBJBFNPBEACMIEPPLKFDCFMBGGOOMBOLLBNMPDOMAIPNEELGHJAFMJBIMEGKHKMDBNDAIINDDOFDPHNPKDFHO</LOG>
00:06:58.298 000043e4  <log> [wsimage]  LoadCalibration rc=0 profiling=172(ms)
00:06:58.298 000043e4  <log> [_wsapi_]  -ws_create_waveshaper rc=0
00:06:58.298 000043e4  <log> [_wsapi_]  +ws_get_profile ws=ws1
00:06:58.325 000043e4  <log> [_wsapi_]  -ws_get_profile rc=0
00:06:58.325 000043e4  <log> [_wsapi_]  +ws_get_profile ws=ws1
00:06:58.350 000043e4  <log> [_wsapi_]  -ws_get_profile rc=0
00:06:58.427 000043e4  <log> [_wsapi_]  +ws_get_frequencyrange ws=ws1
00:06:58.427 000043e4  <log> [_wsapi_]  start=275.039001 stop=288.816986
00:06:58.427 000043e4  <log> [_wsapi_]  -ws_get_frequencyrange rc=0
00:07:08.932 000043e4  <log> [_wsapi_]  +ws_get_profile ws=ws1
00:07:08.957 000043e4  <log> [_wsapi_]  -ws_get_profile rc=0
00:07:08.958 000043e4  <log> [_wsapi_]  +ws_get_profile ws=ws1
00:07:08.983 000043e4  <log> [_wsapi_]  -ws_get_profile rc=0
00:07:14.532 000043e4  <log> [_wsapi_]  +ws_load_profile ws=ws1
00:07:14.547 000043e4  <log> [_wsapi_]  parse_profile rc=0 entries_size=13778
00:07:14.547 000043e4  <log> [_wsapi_]  validate profile rc=1000000
<LOG>FOMPFIKLOLJHHNNIMLLFHJHMBKCCOGOINKKHBFINDPOHBJBFNPBEACMIEPPLKFDCFMBGGOOMBOLLBNMPONEODFKNPBNMPNMLEMKPMCPPALKJONJOEOJOLIDDDBMPDCMLLDHFDIKDEMPCDBOECLJMIGHFNDKLJNDEIHPOBLMAFGDFONPOFCHCOOGJICDDMDDH</LOG>
<LOG>FOMPFIKLOLJHHNNIMLLFHJHMBKCCOGOINKKHBFINDPOHBJBFNPBEACMIEPPLKFDCFMBGGOOMBOLLBNMPPHJLBACOONKBIKBMKEPHAOPNNIMGJDONNNAOKFHOGBALKJHLCCIPDHKKJOBPFJHILJMEMIOBCOLBMPKMAGKMDEMNDGIDDADGBGLIMEKMEANLPGDBECFBNKHAKDNOODABOFJDNEFKDMPEEEKN</LOG>
00:07:14.548 000043e4  <log> [wsimage]  LoadFilter rc=0 profiling=1(ms)
00:07:14.548 000043e4  <log> [_wsapi_]  LoadFilter rc=0
00:07:14.548 000043e4  <log> [wvshaper] OpenWaveShaper
00:07:14.991 000043e4  <log> [portmgr]  Enum FT4232 <WS200484D,200484,0>
00:07:14.992 000043e4  <log> [portmgr]  ch_find_devices_ext rc=-1
00:07:14.992 000043e4  <log> [portmgr]  NLocatePort rc=0 profiling=444(ms)
00:07:14.992 000043e4  <dbg> [factory]  CreateModule cid=FTDIComPort iid=IPort
<LOG>KJMFFKHHNJNEFAJPLPFMLGDGHEFLFBPJNKKHBFINDPOHBJBFIPMDONLIEEJPIHKAKJDAHCHDEEIACLIGINMBMMKAOELCIDDGDHMKPAJLMLCACBNCIDAGHPPINJKHHNCDGKFPMOOFOMCOHFHE</LOG>
<LOG>KJMFFKHHNJNEFAJPLPFMLGDGHEFLFBPJNKKHBFINDPOHBJBFIPMDONLIEEJPIHKAKJDAHCHDEEIACLIGJAOMJAJKFNHHNGAGEHBGCGJJHENPOAOLNAHJIPGNAIIOBMLGHGOIBMIAMGEDDDGM</LOG>
00:07:15.326 000043e4  <dbg> [factory]  CreateModule cid=FTDISPIPort iid=IPort
<LOG>KJMFFKHHNJNEFAJPIDKAPBOGAJMGOIGENKKHBFINDPOHBJBFIPMDONLIEEJPIHKAKJDAHCHDEEIACLIGPFJNCLJJPODABJONPIELBCLDGNHMEEONHOGAKGGMHGCKGEBE</LOG>
<LOG>KJMFFKHHNJNEFAJPIDKAPBOGAJMGOIGENKKHBFINDPOHBJBFIPMDONLIEEJPIHKAKJDAHCHDEEIACLIGAJDLANJGOOMAKFNNPLCFOEOAAPDPODHOOBCGFIHBCJJCHJDJ</LOG>
<LOG>KJMFFKHHNJNEFAJPNDKOJNCKNNPBIEBHNKKHBFINDPOHBJBFIPMDONLIEEJPIHKAKJDAHCHDEEIACLIGLOLGMOOGBNMEMOFMIFCBFHGCMMJOMPLD</LOG>
<LOG>KJMFFKHHNJNEFAJPNDKOJNCKNNPBIEBHNKKHBFINDPOHBJBFIPMDONLIEEJPIHKAKJDAHCHDEEIACLIGIGIJOHFNOIFKPGNIPLCFOEOAAPDPODHOOBCGFIHBCJJCHJDJ</LOG>
<LOG>KJMFFKHHNJNEFAJPGFMJHGGBFHCIONKLNKKHBFINDPOHBJBFIPMDONLIEEJPIHKAKJDAHCHDEEIACLIGNMGCFPOKNJMFJEOAIFCBFHGCMMJOMPLD</LOG>
<LOG>KJMFFKHHNJNEFAJPGFMJHGGBFHCIONKLNKKHBFINDPOHBJBFIPMDONLIEEJPIHKAKJDAHCHDEEIACLIGIANDOOMKIOJJIFOMDKENEBMHELEHNJNIGHPNHLKBALKFFPLPELHJOKEIMKCBJHLFPLCCEPOOLKBACNCI</LOG>
<LOG>KJMFFKHHNJNEFAJPGFMJHGGBFHCIONKLNKKHBFINDPOHBJBFIPMDONLIEEJPIHKAKJDAHCHDEEIACLIGINMBMMKAOELCIDDGDHMKPAJLMLCACBNCOCNKDHENKHPBBJFGGKFPMOOFOMCOHFHE</LOG>
<LOG>KJMFFKHHNJNEFAJPGFMJHGGBFHCIONKLNKKHBFINDPOHBJBFIPMDONLIEEJPIHKAKJDAHCHDEEIACLIGJAOMJAJKFNHHNGAGEHBGCGJJHENPOAOLNKPOIEJHBBDDJFFAEPNGLMPBEBMEPJDL</LOG>
<LOG>LGNEMIMJBMMKBHDHOLDJBJMHKEGNOMLOJKPILAELAKEKPMNOFMJKMOGOGPFAGIGKFMJKMOGOGPFAGIGKFMJKMOGOGPFAGIGKIIDCMDNGMHHGLINHOHMHHIOGEFIOAAKGLCLMGNDMGNFKIBJA</LOG>
<LOG>KJMFFKHHNJNEFAJPGFMJHGGBFHCIONKLNKKHBFINDPOHBJBFIPMDONLIEEJPIHKAKJDAHCHDEEIACLIGFHIPGCDKJPHGBGEMOGFHPFDDDBDEAGME</LOG>
<LOG>LGNEMIMJBMMKBHDHOLDJBJMHKEGNOMLOPLMOBFEALJDDJHHLEGDKCBGCBPIJJLACFMJKMOGOGPFAGIGKFMJKMOGOGPFAGIGKIIDCMDNGMHHGLINHKGNJIGBCIBFLJKEMLCLMGNDMGNFKIBJA</LOG>
<LOG>KOMKGKOGONCEFCOHMBAHGHMFNMADECBEBOGIGLIHCIJLNOKPMEBGPJPEMHEINDJOFMJKMOGOGPFAGIGKFMJKMOGOGPFAGIGKKICFONFFMPNICNCNJDOHJPHJJCPBCHPFLCLMGNDMGNFKIBJA</LOG>
<LOG>KJMFFKHHNJNEFAJPPBFIHGLJNFJFCHNBNKKHBFINDPOHBJBFIPMDONLIEEJPIHKAKJDAHCHDEEIACLIGKIAJLPPOKECGHNADDHOODOFGPAIAHDBD</LOG>
00:07:15.378 000043e4  <log> [wvshaper] CloseWaveShaper
<LOG>KJMFFKHHNJNEFAJPJODONDEMHPIEBDJCNKKHBFINDPOHBJBFIPMDONLIEEJPIHKAKJDAHCHDEEIACLIGHBLADLKPLJPOLDEIPEIHMKMGGIBHALEC</LOG>
<LOG>KJMFFKHHNJNEFAJPDBGCOKMEFHHOPCJFNKKHBFINDPOHBJBFIPMDONLIEEJPIHKAKJDAHCHDEEIACLIGHBLADLKPLJPOLDEIPEIHMKMGGIBHALEC</LOG>
00:07:15.545 000043e4  <log> [wvshaper] FWR? -- FWR?
02.21.02
OK

00:07:15.545 000043e4  <log> [wvshaper] OpenWaveShaper
00:07:16.003 000043e4  <log> [portmgr]  Enum FT4232 <WS200484D,200484,0>
00:07:16.004 000043e4  <log> [portmgr]  ch_find_devices_ext rc=-1
00:07:16.004 000043e4  <log> [portmgr]  NLocatePort rc=0 profiling=459(ms)
00:07:16.004 000043e4  <dbg> [factory]  CreateModule cid=FTDIComPort iid=IPort
<LOG>APENJHODBHIFIBCBBGNKKCGBEIELKJJFNKKHBFINDPOHBJBFIPMDONLIEEJPIHKAKJDAHCHDEEIACLIGINMBMMKAOELCIDDGDHMKPAJLMLCACBNCIDAGHPPINJKHHNCDGKFPMOOFOMCOHFHE</LOG>
<LOG>APENJHODBHIFIBCBBGNKKCGBEIELKJJFNKKHBFINDPOHBJBFIPMDONLIEEJPIHKAKJDAHCHDEEIACLIGJAOMJAJKFNHHNGAGEHBGCGJJHENPOAOLOKHIHNJPCCLHIOOJGHDBEMFFFFIHJELH</LOG>
00:07:16.355 000043e4  <dbg> [factory]  CreateModule cid=FTDISPIPort iid=IPort
<LOG>APENJHODBHIFIBCBIONBGEEDJBFLEGNNNKKHBFINDPOHBJBFIPMDONLIEEJPIHKAKJDAHCHDEEIACLIGPFJNCLJJPODABJONPIELBCLDGNHMEEONHOGAKGGMHGCKGEBE</LOG>
<LOG>APENJHODBHIFIBCBIONBGEEDJBFLEGNNNKKHBFINDPOHBJBFIPMDONLIEEJPIHKAKJDAHCHDEEIACLIGAJDLANJGOOMAKFNNPLCFOEOAAPDPODHOOBCGFIHBCJJCHJDJ</LOG>
<LOG>APENJHODBHIFIBCBOBFJLJAHINIKFHIMNKKHBFINDPOHBJBFIPMDONLIEEJPIHKAKJDAHCHDEEIACLIGLOLGMOOGBNMEMOFMIFCBFHGCMMJOMPLD</LOG>
<LOG>APENJHODBHIFIBCBOBFJLJAHINIKFHIMNKKHBFINDPOHBJBFIPMDONLIEEJPIHKAKJDAHCHDEEIACLIGIGIJOHFNOIFKPGNIPLCFOEOAAPDPODHOOBCGFIHBCJJCHJDJ</LOG>
<LOG>APENJHODBHIFIBCBDCGOHHNNHLBOLMBPNKKHBFINDPOHBJBFIPMDONLIEEJPIHKAKJDAHCHDEEIACLIGNMGCFPOKNJMFJEOAIFCBFHGCMMJOMPLD</LOG>
<LOG>APENJHODBHIFIBCBDCGOHHNNHLBOLMBPNKKHBFINDPOHBJBFIPMDONLIEEJPIHKAKJDAHCHDEEIACLIGIANDOOMKIOJJIFOMDKENEBMHELEHNJNIGHPNHLKBALKFFPLPELHJOKEIMKCBJHLFPLCCEPOOLKBACNCI</LOG>
<LOG>APENJHODBHIFIBCBDCGOHHNNHLBOLMBPNKKHBFINDPOHBJBFIPMDONLIEEJPIHKAKJDAHCHDEEIACLIGINMBMMKAOELCIDDGDHMKPAJLMLCACBNCOCNKDHENKHPBBJFGGKFPMOOFOMCOHFHE</LOG>
<LOG>APENJHODBHIFIBCBDCGOHHNNHLBOLMBPNKKHBFINDPOHBJBFIPMDONLIEEJPIHKAKJDAHCHDEEIACLIGJAOMJAJKFNHHNGAGEHBGCGJJHENPOAOLLODIMEBEOCGDAJFHEPNGLMPBEBMEPJDL</LOG>
<LOG>APENJHODBHIFIBCBDCGOHHNNHLBOLMBPNKKHBFINDPOHBJBFNPBEACMIEPPLKFDCFMBGGOOMBOLLBNMPLBAEMCJJDBFGMJGHMNOAINGOGPMNLDCIIPEBFOAHNEFJMFHG</LOG>
<LOG>APENJHODBHIFIBCBDCGOHHNNHLBOLMBPNKKHBFINDPOHBJBFNPBEACMIEPPLKFDCFMBGGOOMBOLLBNMPBCJMNJIEHEEHKIEFMEBMFICLJMGDCNOLEPJLJGDKOGMKNLCMPALLENGHBHADNMHBLDHFDIKDEMPCDBOEJENBDJONLGLBPGCPCCAHAIGDGPNGJHMENNFKJBCCFEDAMJDLCFKFDMABAFNGLNBB</LOG>
<LOG>APENJHODBHIFIBCBPLBIOHMNMDIJBBJBNKKHBFINDPOHBJBFNPBEACMIEPPLKFDCFMBGGOOMBOLLBNMPDNEBLCHBLIGOOGCKDAIFIKJJLBGPLAGJHAINLBBGNNNKNDOFBOFOCDCGHDGKFGHE</LOG>
<LOG>APENJHODBHIFIBCBPLBIOHMNMDIJBBJBNKKHBFINDPOHBJBFNPBEACMIEPPLKFDCFMBGGOOMBOLLBNMPDJGGGNMCCJJNCMOAHPFBOJDPDADGFLEKBHOAMPDMONOMBJHANGGBLLHDIJINEMKB</LOG>
<LOG>APENJHODBHIFIBCBNGDCOGEMJDDBOCNDNKKHBFINDPOHBJBFNPBEACMIEPPLKFDCFMBGGOOMBOLLBNMPDJGGGNMCCJJNCMOAPBBLIDDGBIDGNEPIDHOODOFGPAIAHDBD</LOG>
<LOG>APENJHODBHIFIBCBNGDCOGEMJDDBOCNDNKKHBFINDPOHBJBFNPBEACMIEPPLKFDCFMBGGOOMBOLLBNMPDJGGGNMCCJJNCMOABEBCEGCLLLEBOCIIJEGILMNFAEABDIBEEPNGLMPBEBMEPJDL</LOG>
00:07:16.404 000043e4  <log> [wsimage]  ComputeImage startcol=0 endcol=1280 rc=0 profiling=5(ms)
00:07:16.412 000043e4  <log> [wvshaper] Image compressed size=9611 crc=7edcf8d5
00:07:16.412 000043e4  <log> [wvshaper] CompressImage lenout=9611 rc=0 profiling=7(ms)
<LOG>POLLEFAAIHABCADJKECKKMPMAGFIGLPOGFGENKBPDCBPNNGLFBIHCFOILAAJBKLJOKONFJKNDFHFHJEIPIAECAOJEENBBMGPMIHEHGBFIAPNBOGPAHGBGBDBPLBBEIKMDNJMKKPMPILENIBPOLGGBGBNCOJLCJCAPLMIONBIIHKJJHPAFHANILBLODPDNNKLAOABLMPECPBJABGABHGGEEBINAAHNCAOGPGAALBOAALBIEKGJBFBMDECBEJKBICAPJKNIAIMJKHCNFPGKAMJDPEBIHIJNBEI</LOG>
<LOG>APENJHODBHIFIBCBGIGBALDECAAINGEDNKKHBFINDPOHBJBFIPMDONLIEEJPIHKAKJDAHCHDEEIACLIGFHIPGCDKJPHGBGEMOGFHPFDDDBDEAGME</LOG>
<LOG>POLLEFAAIHABCADJKECKKMPMAGFIGLPOGFGENKBPDCBPNNGLIMNLCDGOLKKAFGKKFMJKMOGOGPFAGIGKFMJKMOGOGPFAGIGKMIHEHGBFIAPNBOGPPIKGAGMKDCEIDNFILCLMGNDMGNFKIBJA</LOG>
<LOG>GGAMKLMMOJGOEBHILBPALONCCLKCKEBPFCJNALENJNJKBEMPPNLIIPNAEKJBNLFJFMJKMOGOGPFAGIGKFMJKMOGOGPFAGIGKAMFDMOFCHJOBPCNJPIEGMEPCHGCIPMPMLCLMGNDMGNFKIBJA</LOG>
<LOG>AHKDFAHMKFFFGHMFHGFIGLCJPEFLCINJIPFHCBGGEMHFIABPMEBGPJPEMHEINDJOFMJKMOGOGPFAGIGKFMJKMOGOGPFAGIGKFLOBMODDFHPDADLMDGOEPPFMIKCKMICBLCLMGNDMGNFKIBJA</LOG>
<LOG>CMNPAFGPDFEMABMOMKAFNOEGAGGHHJEBDLGOEMFCFAGLPICNMBOEEAPFGBGGCAHNFMJKMOGOGPFAGIGKFMJKMOGOGPFAGIGKPNBOPKJMGHAPHCDEIDOODFFIPIMHGKGNLCLMGNDMGNFKIBJA</LOG>
<LOG>ANPFIFCFFPCCADLBHFJBDBIPGAKDNFEDBBEADGIPBEIFPAJLJEJDLEICFHDBEFBNFMJKMOGOGPFAGIGKFMJKMOGOGPFAGIGKAPHKGDGJEKCGDFHLMMJKBAIFFHOJDKBLLCLMGNDMGNFKIBJA</LOG>
<LOG>APENJHODBHIFIBCBNKAJJJKBNGPOHGJONKKHBFINDPOHBJBFIPMDONLIEEJPIHKAKJDAHCHDEEIACLIGKIAJLPPOKECGHNADDHOODOFGPAIAHDBD</LOG>
00:07:16.423 000043e4  <log> [wvshaper] Sending through SPI...
<LOG>LBIKCAFGBGALEDMIEHHPIACPCOEPKCLONNNHMNEDDLFPPJAIIEMEOFAMIEHPPJPNLABNLNHKEDNFFGEMMHJNELMEOOJFPJDBADPJCHOFOCJLAMNBBJPPFFKEAFGCOHIAPIJCCEACBCHCPEOILJICAOOBGBNNAALOIAGLCAAHGIEADJIHAMDCCPDLIONCLOIJBAKFFDHAIKBMCFPKJJBNHBBOKGGGFPHKPCMAKPJCKONDNLAENFACCMAOOBEFNKNHNONOPPGPEAEKDFPEOEEEFHMALFAEBMHIGILKJKPLKLPPKGBEJLNJFHHDJGCOFDNCFEPNCKJHBMJKBGBENJFGNDLEJIDANOIBIMEFAGNPCKMDPPDAIKKEOIKLEEPBJFHCOFFDAMEGEEAPFNPFCABHBHKBDDDLBOAFEALEOCOMLPDDHOAKLDDCDBMBLAHOBIICLGFHKNKKEEJBMHJMACJLAMDAKBFNNJPGEOMNEMJCBBPJJOILIDNGONCDNKNLMOPIMEBIMEOEBNABNNBIJLPMGBMENHBHJGFKJCCJBKBMAHCMHFKL</LOG>
<LOG>IKEHGHPBKPBCEMLEKCFMNLOIOKGPGEAHLALFMCKIENGCMMHA</LOG>
<LOG>ELFIOLGFNJNLNAFIKEPCJBIDNNONKHKNIMICFPMONDOHGLIGMEHBAEMIPEKDCJBBDJKAGHANHPFKLEIKBOKCHCLBBJIBGHGKCANHDIPJDFGGLLNJNBLAJICHKEJDCFLGGIFGPEAEHBMCJCMFDLMDBNBGKMLFALGPADMDFCCGIAMCBNJKCIAMONHOBELAJEOGGBLBJEJLCDMMNANAHAGJIOPJGFDCJBKJNALBLPOBNJDPAIBIKKOJELNBMBDEOPKKFIDBHAPHJOICFGBNOPNPNNDBPBKIDIMHCMKKJFLLLMNEEOCEHIFJCNGMFEFIKBELJNLJBABIHEGENAJOFOPMOEIEIFLNOOLEKMPBOGBGLNEFNJLKGNBFGIHMMIOGGJDDJEDFKICNAMIEFECHKAFEIIAGCDDLGOMMFJLPOOOGKOAECKLHIEPGELEIFJAEEMFJENEHOLAHIFBLJCCMILLFIOCDEJELABOOHFIEPIAPEAHFKALPGCOFDMKGAPHOBNPNHIGOMMNBKOLCDPADFGBMEJHAFDIFIOPJJCCJBKBMAHCMHFKL</LOG>
<LOG>APENJHODBHIFIBCBFIBMPILAILIFBEGHNKKHBFINDPOHBJBFIPMDONLIEEJPIHKAKJDAHCHDEEIACLIGFHIPGCDKJPHGBGEMOGFHPFDDDBDEAGME</LOG>
<LOG>NIHFOLAIDIFACNNILGECLEFHJNGEHOJHLPIPMDJGGPDMFFEHFPEDHOMLKDHCBOKFFMJKMOGOGPFAGIGKFMJKMOGOGPFAGIGKMFEOIINAICONKDMHBNOBJGHHNGFJLDJNLCLMGNDMGNFKIBJA</LOG>
<LOG>HCGFAGPCMBLLNPDBJAONLDMFKCIAPENFFMJKMOGOGPFAGIGKFMJKMOGOGPFAGIGKFMJKMOGOGPFAGIGKFMJKMOGOGPFAGIGKDEGIKLIINGHPAPKAFMJKMOGOGPFAGIGKLCLMGNDMGNFKIBJA</LOG>
<LOG>EOGKIIKHECHCNLECPFJFKJCCFKDAHEALMMBDBBNACEIFIPAFPFGNHNLEADMFOGJHFMJKMOGOGPFAGIGKFMJKMOGOGPFAGIGKIIOJIHOPLLGLMBJAPGOKKGMCACNMLHBALCLMGNDMGNFKIBJA</LOG>
<LOG>OPHIPAMELKAMOBDLNLMINMODLLKKPGALIANLNDHNEMFDOCMPBACCDGGBCJJEBKPKFMJKMOGOGPFAGIGKFMJKMOGOGPFAGIGKLBMENPFPPILJFDEDMGIIDCIDAAIGPDOBLCLMGNDMGNFKIBJA</LOG>
<LOG>IHOAPLIBKOOHGPHOJAONLDMFKCIAPENFFMJKMOGOGPFAGIGKFMJKMOGOGPFAGIGKFMJKMOGOGPFAGIGKFMJKMOGOGPFAGIGKOIGLFAEMCFEEFLGAFMJKMOGOGPFAGIGKLCLMGNDMGNFKIBJA</LOG>
<LOG>JDELNGJMBIIHKGFHBPIFGMDFLHDEGDPINKKHBFINDPOHBJBFIPMDONLIEEJPIHKAKJDAHCHDEEIACLIGKIAJLPPOKECGHNADDHOODOFGPAIAHDBD</LOG>
00:07:17.050 000043e4  <log> [wvshaper] DownloadImage Success rc=0 profiling=0(ms) 11(ms) 77(ms) 638(ms)
00:07:17.050 000043e4  <log> [wvshaper] CloseWaveShaper
<LOG>JDELNGJMBIIHKGFHAIKHMGCDJELOJHECNKKHBFINDPOHBJBFIPMDONLIEEJPIHKAKJDAHCHDEEIACLIGHBLADLKPLJPOLDEIPEIHMKMGGIBHALEC</LOG>
<LOG>JDELNGJMBIIHKGFHMHDHCMOLLBAPPJJNNKKHBFINDPOHBJBFIPMDONLIEEJPIHKAKJDAHCHDEEIACLIGHBLADLKPLJPOLDEIPEIHMKMGGIBHALEC</LOG>
00:07:17.216 000043e4  <log> [_wsapi_]  -ws_load_profile rc=0
00:07:17.216 000043e4  <log> [_wsapi_]  +ws_get_profile ws=ws1
00:07:17.243 000043e4  <log> [_wsapi_]  -ws_get_profile rc=0
00:07:17.243 000043e4  <log> [_wsapi_]  +ws_get_profile ws=ws1
00:07:17.272 000043e4  <log> [_wsapi_]  -ws_get_profile rc=0
